
.正在结束进程5346
.正在结束进程5366
.WEB服务已关闭
.正在关闭MySQL数据库服务
.MySQL数据库服务关闭完成
.WEB服务状态:[31m stop[0m
.MySQL数据库服务状态:[31m stop[0m

.正在启动WEB服务
.WEB服务已启动
.正在启动MySQL数据库服务
.MySQL数据库服务启动完成
.WEB服务状态:[32m runing [0m
.MySQL数据库服务状态:[32m runing [0m

.正在启动WEB服务
.WEB服务已启动
.正在启动MySQL数据库服务
.MySQL数据库服务启动完成
.WEB服务状态:[32m runing [0m
.MySQL数据库服务状态:[32m runing [0m

.正在结束进程23324
.正在结束进程26330
.WEB服务已关闭
.正在关闭MySQL数据库服务
.MySQL数据库服务关闭完成
.WEB服务状态:[31m stop[0m
.MySQL数据库服务状态:[31m stop[0m

.正在启动WEB服务
.WEB服务已启动
.正在启动MySQL数据库服务
.MySQL数据库服务启动完成
.WEB服务状态:[31m stop[0m
.MySQL数据库服务状态:[32m runing [0m

.正在启动WEB服务
.WEB服务已启动
.正在启动MySQL数据库服务
.MySQL数据库服务启动完成
.WEB服务状态:[32m runing [0m
.MySQL数据库服务状态:[32m runing [0m

.WEB服务已关闭
.正在关闭MySQL数据库服务
.MySQL数据库服务关闭完成
.WEB服务状态:[31m stop[0m
.MySQL数据库服务状态:[31m stop[0m

.正在启动WEB服务
.WEB服务已启动
.正在启动MySQL数据库服务
.MySQL数据库服务启动完成
.WEB服务状态:[31m stop[0m
.MySQL数据库服务状态:[32m runing [0m

.正在启动WEB服务
.WEB服务已启动
.正在启动MySQL数据库服务
.MySQL数据库服务启动完成
.WEB服务状态:[32m runing [0m
.MySQL数据库服务状态:[32m runing [0m

.正在结束进程18698
.正在结束进程18709
.WEB服务已关闭
.正在关闭MySQL数据库服务
.MySQL数据库服务关闭完成
.WEB服务状态:[31m stop[0m
.MySQL数据库服务状态:[31m stop[0m

.正在启动WEB服务
.WEB服务已启动
.正在启动MySQL数据库服务
.MySQL数据库服务启动完成
.WEB服务状态:[31m stop[0m
.MySQL数据库服务状态:[32m runing [0m

.正在启动WEB服务
.WEB服务已启动
.正在启动MySQL数据库服务
.MySQL数据库服务启动完成
.WEB服务状态:[32m runing [0m
.MySQL数据库服务状态:[32m runing [0m

.正在结束进程11775
.WEB服务已关闭
.正在关闭MySQL数据库服务
.MySQL数据库服务关闭完成
.WEB服务状态:[31m stop[0m
.MySQL数据库服务状态:[31m stop[0m

.正在启动WEB服务
.WEB服务已启动
.正在启动MySQL数据库服务
.MySQL数据库服务启动完成
.WEB服务状态:[31m stop[0m
.MySQL数据库服务状态:[32m runing [0m

.正在启动WEB服务
.WEB服务已启动
.正在启动MySQL数据库服务
.MySQL数据库服务启动完成
.WEB服务状态:[32m runing [0m
.MySQL数据库服务状态:[32m runing [0m

.正在结束进程31374
.WEB服务已关闭
.正在关闭MySQL数据库服务
.MySQL数据库服务关闭完成
.WEB服务状态:[31m stop[0m
.MySQL数据库服务状态:[31m stop[0m

.正在启动WEB服务
.WEB服务已启动
.正在启动MySQL数据库服务
.MySQL数据库服务启动完成
.WEB服务状态:[31m stop[0m
.MySQL数据库服务状态:[32m runing [0m

.正在启动WEB服务
.WEB服务已启动
.正在启动MySQL数据库服务
.MySQL数据库服务启动完成
.WEB服务状态:[32m runing [0m
.MySQL数据库服务状态:[32m runing [0m

.正在结束进程10270
.WEB服务已关闭
.正在关闭MySQL数据库服务
.MySQL数据库服务关闭完成
.WEB服务状态:[31m stop[0m
.MySQL数据库服务状态:[32m runing [0m

.正在启动WEB服务
.WEB服务已启动
.正在启动MySQL数据库服务
.MySQL数据库服务启动完成
.WEB服务状态:[31m stop[0m
.MySQL数据库服务状态:[32m runing [0m

.正在启动WEB服务
.WEB服务已启动
.正在启动MySQL数据库服务
.MySQL数据库服务启动完成
.WEB服务状态:[32m runing [0m
.MySQL数据库服务状态:[32m runing [0m

.WEB服务已关闭
.正在关闭MySQL数据库服务
.MySQL数据库服务关闭完成
.WEB服务状态:[31m stop[0m
.MySQL数据库服务状态:[31m stop[0m

.正在启动WEB服务
.WEB服务已启动
.正在启动MySQL数据库服务
.MySQL数据库服务启动完成
.WEB服务状态:[31m stop[0m
.MySQL数据库服务状态:[32m runing [0m

.正在启动WEB服务
.WEB服务已启动
.正在启动MySQL数据库服务
.MySQL数据库服务启动完成
.WEB服务状态:[32m runing [0m
.MySQL数据库服务状态:[32m runing [0m

.正在结束进程28770
.WEB服务已关闭
.正在关闭MySQL数据库服务
.MySQL数据库服务关闭完成
.WEB服务状态:[31m stop[0m
.MySQL数据库服务状态:[31m stop[0m

.正在启动WEB服务
.WEB服务已启动
.正在启动MySQL数据库服务
.MySQL数据库服务启动完成
.WEB服务状态:[31m stop[0m
.MySQL数据库服务状态:[32m runing [0m

.正在启动WEB服务
.WEB服务已启动
.正在启动MySQL数据库服务
.MySQL数据库服务启动完成
.WEB服务状态:[32m runing [0m
.MySQL数据库服务状态:[32m runing [0m

.正在结束进程19748
.WEB服务已关闭
.正在关闭MySQL数据库服务
.MySQL数据库服务关闭完成
.WEB服务状态:[31m stop[0m
.MySQL数据库服务状态:[31m stop[0m

.正在启动WEB服务
.WEB服务已启动
.正在启动MySQL数据库服务
.MySQL数据库服务启动完成
.WEB服务状态:[31m stop[0m
.MySQL数据库服务状态:[32m runing [0m

.正在启动WEB服务
.WEB服务已启动
.正在启动MySQL数据库服务
.MySQL数据库服务启动完成
.WEB服务状态:[32m runing [0m
.MySQL数据库服务状态:[32m runing [0m

.正在结束进程8248
.WEB服务已关闭
.正在关闭MySQL数据库服务
.MySQL数据库服务关闭完成
.WEB服务状态:[31m stop[0m
.MySQL数据库服务状态:[31m stop[0m

.正在启动WEB服务
.WEB服务已启动
.正在启动MySQL数据库服务
.MySQL数据库服务启动完成
.WEB服务状态:[31m stop[0m
.MySQL数据库服务状态:[32m runing [0m

.正在启动WEB服务
.WEB服务已启动
.正在启动MySQL数据库服务
.MySQL数据库服务启动完成
.WEB服务状态:[32m runing [0m
.MySQL数据库服务状态:[32m runing [0m

.正在结束进程3072
.WEB服务已关闭
.正在关闭MySQL数据库服务
.MySQL数据库服务关闭完成
.WEB服务状态:[31m stop[0m
.MySQL数据库服务状态:[31m stop[0m

.正在启动WEB服务
.WEB服务已启动
.正在启动MySQL数据库服务
.MySQL数据库服务启动完成
.WEB服务状态:[31m stop[0m
.MySQL数据库服务状态:[32m runing [0m

.正在启动WEB服务
.WEB服务已启动
.正在启动MySQL数据库服务
.MySQL数据库服务启动完成
.WEB服务状态:[32m runing [0m
.MySQL数据库服务状态:[32m runing [0m

.正在结束进程7956
.WEB服务已关闭
.正在关闭MySQL数据库服务
.MySQL数据库服务关闭完成
.WEB服务状态:[31m stop[0m
.MySQL数据库服务状态:[31m stop[0m

.正在启动WEB服务
.WEB服务已启动
.正在启动MySQL数据库服务
.MySQL数据库服务启动完成
.WEB服务状态:[31m stop[0m
.MySQL数据库服务状态:[32m runing [0m

.正在启动WEB服务
.WEB服务已启动
.正在启动MySQL数据库服务
.MySQL数据库服务启动完成
.WEB服务状态:[32m runing [0m
.MySQL数据库服务状态:[32m runing [0m

.正在结束进程1891
.WEB服务已关闭
.正在关闭MySQL数据库服务
.MySQL数据库服务关闭完成
.WEB服务状态:[32m runing [0m
.MySQL数据库服务状态:[32m runing [0m

.正在启动WEB服务
.WEB服务已启动
.正在启动MySQL数据库服务
.MySQL数据库服务启动完成
.WEB服务状态:[31m stop[0m
.MySQL数据库服务状态:[32m runing [0m

.正在启动WEB服务
.WEB服务已启动
.正在启动MySQL数据库服务
.MySQL数据库服务启动完成
.WEB服务状态:[32m runing [0m
.MySQL数据库服务状态:[32m runing [0m

.正在结束进程23750
.WEB服务已关闭
.正在关闭MySQL数据库服务
.MySQL数据库服务关闭完成
.WEB服务状态:[31m stop[0m
.MySQL数据库服务状态:[31m stop[0m

.正在启动WEB服务
.WEB服务已启动
.正在启动MySQL数据库服务
.MySQL数据库服务启动完成
.WEB服务状态:[31m stop[0m
.MySQL数据库服务状态:[32m runing [0m

.正在启动WEB服务
.WEB服务已启动
.正在启动MySQL数据库服务
.MySQL数据库服务启动完成
.WEB服务状态:[32m runing [0m
.MySQL数据库服务状态:[32m runing [0m

.正在结束进程22502
.WEB服务已关闭
.正在关闭MySQL数据库服务
.MySQL数据库服务关闭完成
.WEB服务状态:[31m stop[0m
.MySQL数据库服务状态:[31m stop[0m

.正在启动WEB服务
.WEB服务已启动
.正在启动MySQL数据库服务
.MySQL数据库服务启动完成
.WEB服务状态:[31m stop[0m
.MySQL数据库服务状态:[32m runing [0m

.正在启动WEB服务
.WEB服务已启动
.正在启动MySQL数据库服务
.MySQL数据库服务启动完成
.WEB服务状态:[32m runing [0m
.MySQL数据库服务状态:[32m runing [0m

.正在结束进程18524
.WEB服务已关闭
.正在关闭MySQL数据库服务
.MySQL数据库服务关闭完成
.WEB服务状态:[31m stop[0m
.MySQL数据库服务状态:[31m stop[0m

.正在启动WEB服务
.WEB服务已启动
.正在启动MySQL数据库服务
.MySQL数据库服务启动完成
.WEB服务状态:[31m stop[0m
.MySQL数据库服务状态:[32m runing [0m

.正在启动WEB服务
.WEB服务已启动
.正在启动MySQL数据库服务
.MySQL数据库服务启动完成
.WEB服务状态:[32m runing [0m
.MySQL数据库服务状态:[32m runing [0m

.正在结束进程30448
.WEB服务已关闭
.正在关闭MySQL数据库服务
.MySQL数据库服务关闭完成
.WEB服务状态:[31m stop[0m
.MySQL数据库服务状态:[31m stop[0m

.正在启动WEB服务
.WEB服务已启动
.正在启动MySQL数据库服务
.MySQL数据库服务启动完成
.WEB服务状态:[32m runing [0m
.MySQL数据库服务状态:[32m runing [0m

.正在启动WEB服务
.WEB服务已启动
.正在启动MySQL数据库服务
.MySQL数据库服务启动完成
.WEB服务状态:[32m runing [0m
.MySQL数据库服务状态:[32m runing [0m

.正在结束进程24664
.WEB服务已关闭
.正在关闭MySQL数据库服务
.MySQL数据库服务关闭完成
.WEB服务状态:[31m stop[0m
.MySQL数据库服务状态:[31m stop[0m

.正在启动WEB服务
.WEB服务已启动
.正在启动MySQL数据库服务
.MySQL数据库服务启动完成
.WEB服务状态:[31m stop[0m
.MySQL数据库服务状态:[32m runing [0m

.正在启动WEB服务
.WEB服务已启动
.正在启动MySQL数据库服务
.MySQL数据库服务启动完成
.WEB服务状态:[32m runing [0m
.MySQL数据库服务状态:[32m runing [0m

.正在结束进程18418
.WEB服务已关闭
.正在关闭MySQL数据库服务
.MySQL数据库服务关闭完成
.WEB服务状态:[31m stop[0m
.MySQL数据库服务状态:[31m stop[0m

.正在启动WEB服务
.WEB服务已启动
.正在启动MySQL数据库服务
.MySQL数据库服务启动完成
.WEB服务状态:[31m stop[0m
.MySQL数据库服务状态:[32m runing [0m

.正在启动WEB服务
.WEB服务已启动
.正在启动MySQL数据库服务
.MySQL数据库服务启动完成
.WEB服务状态:[32m runing [0m
.MySQL数据库服务状态:[32m runing [0m

.正在结束进程10273
.WEB服务已关闭
.正在关闭MySQL数据库服务
.MySQL数据库服务关闭完成
.WEB服务状态:[31m stop[0m
.MySQL数据库服务状态:[31m stop[0m
